<?xml version="1.0" encoding="UTF-8"?>
<testsuite name="com.co.prospect.adapter.rest.PersonRestClientAdapterTest" tests="2" skipped="0" failures="0" errors="0" timestamp="2021-05-18T01:20:45" hostname="jairo-HP-ProBook-450-G7" time="3.013">
  <properties/>
  <testcase name="getPersonByIdentificationNumberError()" classname="com.co.prospect.adapter.rest.PersonRestClientAdapterTest" time="0.007"/>
  <testcase name="getPersonByIdentificationNumberTest()" classname="com.co.prospect.adapter.rest.PersonRestClientAdapterTest" time="3.004"/>
  <system-out><![CDATA[]]></system-out>
  <system-err><![CDATA[]]></system-err>
</testsuite>
