<?xml version="1.0" encoding="UTF-8"?>
<testsuite name="com.co.prospect.application.usecase.ProspectUseCaseTest" tests="2" skipped="0" failures="0" errors="0" timestamp="2021-05-18T01:20:52" hostname="jairo-HP-ProBook-450-G7" time="32.5">
  <properties/>
  <testcase name="validateSuccessfulProspectInvalidPerson()" classname="com.co.prospect.application.usecase.ProspectUseCaseTest" time="16.48"/>
  <testcase name="validateSuccessfulProspectValidPerson()" classname="com.co.prospect.application.usecase.ProspectUseCaseTest" time="16.018"/>
  <system-out><![CDATA[]]></system-out>
  <system-err><![CDATA[]]></system-err>
</testsuite>
