<?xml version="1.0" encoding="UTF-8"?>
<testsuite name="com.co.prospect.application.service.ProspectRatingServiceImplTest" tests="1" skipped="0" failures="0" errors="0" timestamp="2021-05-18T01:20:52" hostname="jairo-HP-ProBook-450-G7" time="0.011">
  <properties/>
  <testcase name="getProspectQualification()" classname="com.co.prospect.application.service.ProspectRatingServiceImplTest" time="0.011"/>
  <system-out><![CDATA[]]></system-out>
  <system-err><![CDATA[]]></system-err>
</testsuite>
